La génération a démarré 14/12/2017 11:34:49.
     1>Projet "C:\Users\hedhl\Documents\Visual Studio 2010\Projects\Mini_projet_GestionHotel\Mini_projet_GestionHotel\Mini_projet_GestionHotel.vcxproj" sur le nœud 2 (build cible(s)).
     1>InitializeBuildStatus:
         Création de "Debug\Mini_projet_GestionHotel.unsuccessfulbuild", car "AlwaysCreate" a été spécifié.
       ClCompile:
         C:\Program Files\Microsoft Visual Studio 10.0\VC\bin\CL.exe /c /ZI /nologo /W3 /WX- /Od /Oy- /D WIN32 /D _DEBUG /D _CONSOLE /D _UNICODE /D UNICODE /Gm /EHsc /RTC1 /MDd /GS /fp:precise /Zc:wchar_t /Zc:forScope /Fo"Debug\\" /Fd"Debug\vc100.pdb" /Gd /TP /analyze- /errorReport:prompt main.cpp
         main.cpp
     1>c:\users\hedhl\documents\visual studio 2010\projects\mini_projet_gestionhotel\mini_projet_gestionhotel\main.cpp(113): warning C4996: 'getch': The POSIX name for this item is deprecated. Instead, use the ISO C++ conformant name: _getch. See online help for details.
                 c:\program files\microsoft visual studio 10.0\vc\include\conio.h(128) : voir la déclaration de 'getch'
       ManifestResourceCompile:
         Toutes les sorties sont à jour.
       Link:
         C:\Program Files\Microsoft Visual Studio 10.0\VC\bin\link.exe /ERRORREPORT:PROMPT /OUT:"C:\Users\hedhl\Documents\Visual Studio 2010\Projects\Mini_projet_GestionHotel\Debug\Mini_projet_GestionHotel.exe" /INCREMENTAL /NOLOGO kernel32.lib user32.lib gdi32.lib winspool.lib comdlg32.lib advapi32.lib shell32.lib ole32.lib oleaut32.lib uuid.lib odbc32.lib odbccp32.lib /MANIFEST /ManifestFile:"Debug\Mini_projet_GestionHotel.exe.intermediate.manifest" /MANIFESTUAC:"level='asInvoker' uiAccess='false'" /DEBUG /PDB:"C:\Users\hedhl\Documents\Visual Studio 2010\Projects\Mini_projet_GestionHotel\Debug\Mini_projet_GestionHotel.pdb" /SUBSYSTEM:CONSOLE /TLBID:1 /DYNAMICBASE /NXCOMPAT /IMPLIB:"C:\Users\hedhl\Documents\Visual Studio 2010\Projects\Mini_projet_GestionHotel\Debug\Mini_projet_GestionHotel.lib" /MACHINE:X86 Debug\Mini_projet_GestionHotel.exe.embed.manifest.res
         Debug\main.obj
         Debug\mes_fcts.obj
       Manifest:
         C:\Program Files\Microsoft SDKs\Windows\v7.0A\bin\mt.exe /nologo /verbose /out:"Debug\Mini_projet_GestionHotel.exe.embed.manifest" /manifest Debug\Mini_projet_GestionHotel.exe.intermediate.manifest
         Toutes les sorties sont à jour.
       LinkEmbedManifest:
         Toutes les sorties sont à jour.
         Mini_projet_GestionHotel.vcxproj -> C:\Users\hedhl\Documents\Visual Studio 2010\Projects\Mini_projet_GestionHotel\Debug\Mini_projet_GestionHotel.exe
       FinalizeBuildStatus:
         Suppression du fichier "Debug\Mini_projet_GestionHotel.unsuccessfulbuild".
         Mise à jour de l'horodatage "Debug\Mini_projet_GestionHotel.lastbuildstate".
     1>Génération du projet "C:\Users\hedhl\Documents\Visual Studio 2010\Projects\Mini_projet_GestionHotel\Mini_projet_GestionHotel\Mini_projet_GestionHotel.vcxproj" terminée (build cible(s)).

La génération a réussi.

Temps écoulé 00:00:02.33
