C:\USERS\HEDHL\DOCUMENTS\VISUAL STUDIO 2010\PROJECTS\MINI_PROJET_GESTIONHOTEL\DEBUG\MINI_PROJET_GESTIONHOTEL.EXE
C:\USERS\HEDHL\DOCUMENTS\VISUAL STUDIO 2010\PROJECTS\MINI_PROJET_GESTIONHOTEL\DEBUG\MINI_PROJET_GESTIONHOTEL.ILK
C:\USERS\HEDHL\DOCUMENTS\VISUAL STUDIO 2010\PROJECTS\MINI_PROJET_GESTIONHOTEL\DEBUG\MINI_PROJET_GESTIONHOTEL.PDB
C:\Users\hedhl\Documents\Visual Studio 2010\Projects\Mini_projet_GestionHotel\Mini_projet_GestionHotel\Debug\cl.command.1.tlog
C:\Users\hedhl\Documents\Visual Studio 2010\Projects\Mini_projet_GestionHotel\Mini_projet_GestionHotel\Debug\CL.read.1.tlog
C:\Users\hedhl\Documents\Visual Studio 2010\Projects\Mini_projet_GestionHotel\Mini_projet_GestionHotel\Debug\CL.write.1.tlog
C:\Users\hedhl\Documents\Visual Studio 2010\Projects\Mini_projet_GestionHotel\Mini_projet_GestionHotel\Debug\link.command.1.tlog
C:\Users\hedhl\Documents\Visual Studio 2010\Projects\Mini_projet_GestionHotel\Mini_projet_GestionHotel\Debug\link.read.1.tlog
C:\Users\hedhl\Documents\Visual Studio 2010\Projects\Mini_projet_GestionHotel\Mini_projet_GestionHotel\Debug\link.write.1.tlog
C:\Users\hedhl\Documents\Visual Studio 2010\Projects\Mini_projet_GestionHotel\Mini_projet_GestionHotel\Debug\link-cvtres.read.1.tlog
C:\Users\hedhl\Documents\Visual Studio 2010\Projects\Mini_projet_GestionHotel\Mini_projet_GestionHotel\Debug\link-cvtres.write.1.tlog
C:\USERS\HEDHL\DOCUMENTS\VISUAL STUDIO 2010\PROJECTS\MINI_PROJET_GESTIONHOTEL\MINI_PROJET_GESTIONHOTEL\DEBUG\MAIN.OBJ
C:\USERS\HEDHL\DOCUMENTS\VISUAL STUDIO 2010\PROJECTS\MINI_PROJET_GESTIONHOTEL\MINI_PROJET_GESTIONHOTEL\DEBUG\MES_FCTS.OBJ
C:\USERS\HEDHL\DOCUMENTS\VISUAL STUDIO 2010\PROJECTS\MINI_PROJET_GESTIONHOTEL\MINI_PROJET_GESTIONHOTEL\DEBUG\MINI_PROJET_GESTIONHOTEL.EXE.EMBED.MANIFEST
C:\USERS\HEDHL\DOCUMENTS\VISUAL STUDIO 2010\PROJECTS\MINI_PROJET_GESTIONHOTEL\MINI_PROJET_GESTIONHOTEL\DEBUG\MINI_PROJET_GESTIONHOTEL.EXE.EMBED.MANIFEST.RES
C:\USERS\HEDHL\DOCUMENTS\VISUAL STUDIO 2010\PROJECTS\MINI_PROJET_GESTIONHOTEL\MINI_PROJET_GESTIONHOTEL\DEBUG\MINI_PROJET_GESTIONHOTEL.EXE.INTERMEDIATE.MANIFEST
C:\Users\hedhl\Documents\Visual Studio 2010\Projects\Mini_projet_GestionHotel\Mini_projet_GestionHotel\Debug\Mini_projet_GestionHotel.vcxprojResolveAssemblyReference.cache
C:\Users\hedhl\Documents\Visual Studio 2010\Projects\Mini_projet_GestionHotel\Mini_projet_GestionHotel\Debug\Mini_projet_GestionHotel.write.1.tlog
C:\Users\hedhl\Documents\Visual Studio 2010\Projects\Mini_projet_GestionHotel\Mini_projet_GestionHotel\Debug\Mini_projet_GestionHotel_manifest.rc
C:\Users\hedhl\Documents\Visual Studio 2010\Projects\Mini_projet_GestionHotel\Mini_projet_GestionHotel\Debug\mt.command.1.tlog
C:\Users\hedhl\Documents\Visual Studio 2010\Projects\Mini_projet_GestionHotel\Mini_projet_GestionHotel\Debug\mt.read.1.tlog
C:\Users\hedhl\Documents\Visual Studio 2010\Projects\Mini_projet_GestionHotel\Mini_projet_GestionHotel\Debug\mt.write.1.tlog
C:\Users\hedhl\Documents\Visual Studio 2010\Projects\Mini_projet_GestionHotel\Mini_projet_GestionHotel\Debug\rc.command.1.tlog
C:\Users\hedhl\Documents\Visual Studio 2010\Projects\Mini_projet_GestionHotel\Mini_projet_GestionHotel\Debug\rc.read.1.tlog
C:\Users\hedhl\Documents\Visual Studio 2010\Projects\Mini_projet_GestionHotel\Mini_projet_GestionHotel\Debug\rc.write.1.tlog
C:\Users\hedhl\Documents\Visual Studio 2010\Projects\Mini_projet_GestionHotel\Mini_projet_GestionHotel\Debug\vc100.idb
C:\USERS\HEDHL\DOCUMENTS\VISUAL STUDIO 2010\PROJECTS\MINI_PROJET_GESTIONHOTEL\MINI_PROJET_GESTIONHOTEL\DEBUG\VC100.PDB
